Determining if the pthread_create exist failed with the following output:
Change Dir: /home/swhite/autoCam_ws/build/autoCam_pkg/CMakeFiles/CMakeTmp

Run Build Command:"/usr/bin/make" "cmTC_9f703/fast"
/usr/bin/make -f CMakeFiles/cmTC_9f703.dir/build.make CMakeFiles/cmTC_9f703.dir/build
make[1]: Entering directory '/home/swhite/autoCam_ws/build/autoCam_pkg/CMakeFiles/CMakeTmp'
Building C object CMakeFiles/cmTC_9f703.dir/CheckSymbolExists.c.o
/usr/bin/cc     -o CMakeFiles/cmTC_9f703.dir/CheckSymbolExists.c.o   -c /home/swhite/autoCam_ws/build/autoCam_pkg/CMakeFiles/CMakeTmp/CheckSymbolExists.c
Linking C executable cmTC_9f703
/usr/bin/cmake -E cmake_link_script CMakeFiles/cmTC_9f703.dir/link.txt --verbose=1
/usr/bin/cc       CMakeFiles/cmTC_9f703.dir/CheckSymbolExists.c.o  -o cmTC_9f703 -rdynamic 
CMakeFiles/cmTC_9f703.dir/CheckSymbolExists.c.o: In function `main':
CheckSymbolExists.c:(.text+0x16): undefined reference to `pthread_create'
collect2: error: ld returned 1 exit status
CMakeFiles/cmTC_9f703.dir/build.make:97: recipe for target 'cmTC_9f703' failed
make[1]: *** [cmTC_9f703] Error 1
make[1]: Leaving directory '/home/swhite/autoCam_ws/build/autoCam_pkg/CMakeFiles/CMakeTmp'
Makefile:126: recipe for target 'cmTC_9f703/fast' failed
make: *** [cmTC_9f703/fast] Error 2

File /home/swhite/autoCam_ws/build/autoCam_pkg/CMakeFiles/CMakeTmp/CheckSymbolExists.c:
/* */
#include <pthread.h>

int main(int argc, char** argv)
{
  (void)argv;
#ifndef pthread_create
  return ((int*)(&pthread_create))[argc];
#else
  (void)argc;
  return 0;
#endif
}

Determining if the function pthread_create exists in the pthreads failed with the following output:
Change Dir: /home/swhite/autoCam_ws/build/autoCam_pkg/CMakeFiles/CMakeTmp

Run Build Command:"/usr/bin/make" "cmTC_36963/fast"
/usr/bin/make -f CMakeFiles/cmTC_36963.dir/build.make CMakeFiles/cmTC_36963.dir/build
make[1]: Entering directory '/home/swhite/autoCam_ws/build/autoCam_pkg/CMakeFiles/CMakeTmp'
Building C object CMakeFiles/cmTC_36963.dir/CheckFunctionExists.c.o
/usr/bin/cc    -DCHECK_FUNCTION_EXISTS=pthread_create   -o CMakeFiles/cmTC_36963.dir/CheckFunctionExists.c.o   -c /usr/share/cmake-3.5/Modules/CheckFunctionExists.c
Linking C executable cmTC_36963
/usr/bin/cmake -E cmake_link_script CMakeFiles/cmTC_36963.dir/link.txt --verbose=1
/usr/bin/cc   -DCHECK_FUNCTION_EXISTS=pthread_create    CMakeFiles/cmTC_36963.dir/CheckFunctionExists.c.o  -o cmTC_36963 -rdynamic -lpthreads 
/usr/bin/ld: cannot find -lpthreads
collect2: error: ld returned 1 exit status
CMakeFiles/cmTC_36963.dir/build.make:97: recipe for target 'cmTC_36963' failed
make[1]: *** [cmTC_36963] Error 1
make[1]: Leaving directory '/home/swhite/autoCam_ws/build/autoCam_pkg/CMakeFiles/CMakeTmp'
Makefile:126: recipe for target 'cmTC_36963/fast' failed
make: *** [cmTC_36963/fast] Error 2


Determining if the Q_WS_WIN exist failed with the following output:
Change Dir: /home/swhite/autoCam_ws/build/autoCam_pkg/CMakeFiles/CMakeTmp

Run Build Command:"/usr/bin/make" "cmTC_62e61/fast"
/usr/bin/make -f CMakeFiles/cmTC_62e61.dir/build.make CMakeFiles/cmTC_62e61.dir/build
make[1]: Entering directory '/home/swhite/autoCam_ws/build/autoCam_pkg/CMakeFiles/CMakeTmp'
Building CXX object CMakeFiles/cmTC_62e61.dir/CheckSymbolExists.cxx.o
/usr/bin/c++    -I/usr/include/qt4   -o CMakeFiles/cmTC_62e61.dir/CheckSymbolExists.cxx.o -c /home/swhite/autoCam_ws/build/autoCam_pkg/CMakeFiles/CMakeTmp/CheckSymbolExists.cxx
/home/swhite/autoCam_ws/build/autoCam_pkg/CMakeFiles/CMakeTmp/CheckSymbolExists.cxx: In function 'int main(int, char**)':
/home/swhite/autoCam_ws/build/autoCam_pkg/CMakeFiles/CMakeTmp/CheckSymbolExists.cxx:8:19: error: 'Q_WS_WIN' was not declared in this scope
   return ((int*)(&Q_WS_WIN))[argc];
                   ^
CMakeFiles/cmTC_62e61.dir/build.make:65: recipe for target 'CMakeFiles/cmTC_62e61.dir/CheckSymbolExists.cxx.o' failed
make[1]: *** [CMakeFiles/cmTC_62e61.dir/CheckSymbolExists.cxx.o] Error 1
make[1]: Leaving directory '/home/swhite/autoCam_ws/build/autoCam_pkg/CMakeFiles/CMakeTmp'
Makefile:126: recipe for target 'cmTC_62e61/fast' failed
make: *** [cmTC_62e61/fast] Error 2

File /home/swhite/autoCam_ws/build/autoCam_pkg/CMakeFiles/CMakeTmp/CheckSymbolExists.cxx:
/* */
#include <QtCore/qglobal.h>

int main(int argc, char** argv)
{
  (void)argv;
#ifndef Q_WS_WIN
  return ((int*)(&Q_WS_WIN))[argc];
#else
  (void)argc;
  return 0;
#endif
}

Determining if the Q_WS_QWS exist failed with the following output:
Change Dir: /home/swhite/autoCam_ws/build/autoCam_pkg/CMakeFiles/CMakeTmp

Run Build Command:"/usr/bin/make" "cmTC_2ca2f/fast"
/usr/bin/make -f CMakeFiles/cmTC_2ca2f.dir/build.make CMakeFiles/cmTC_2ca2f.dir/build
make[1]: Entering directory '/home/swhite/autoCam_ws/build/autoCam_pkg/CMakeFiles/CMakeTmp'
Building CXX object CMakeFiles/cmTC_2ca2f.dir/CheckSymbolExists.cxx.o
/usr/bin/c++    -I/usr/include/qt4   -o CMakeFiles/cmTC_2ca2f.dir/CheckSymbolExists.cxx.o -c /home/swhite/autoCam_ws/build/autoCam_pkg/CMakeFiles/CMakeTmp/CheckSymbolExists.cxx
/home/swhite/autoCam_ws/build/autoCam_pkg/CMakeFiles/CMakeTmp/CheckSymbolExists.cxx: In function 'int main(int, char**)':
/home/swhite/autoCam_ws/build/autoCam_pkg/CMakeFiles/CMakeTmp/CheckSymbolExists.cxx:8:19: error: 'Q_WS_QWS' was not declared in this scope
   return ((int*)(&Q_WS_QWS))[argc];
                   ^
CMakeFiles/cmTC_2ca2f.dir/build.make:65: recipe for target 'CMakeFiles/cmTC_2ca2f.dir/CheckSymbolExists.cxx.o' failed
make[1]: *** [CMakeFiles/cmTC_2ca2f.dir/CheckSymbolExists.cxx.o] Error 1
make[1]: Leaving directory '/home/swhite/autoCam_ws/build/autoCam_pkg/CMakeFiles/CMakeTmp'
Makefile:126: recipe for target 'cmTC_2ca2f/fast' failed
make: *** [cmTC_2ca2f/fast] Error 2

File /home/swhite/autoCam_ws/build/autoCam_pkg/CMakeFiles/CMakeTmp/CheckSymbolExists.cxx:
/* */
#include <QtCore/qglobal.h>

int main(int argc, char** argv)
{
  (void)argv;
#ifndef Q_WS_QWS
  return ((int*)(&Q_WS_QWS))[argc];
#else
  (void)argc;
  return 0;
#endif
}

Determining if the Q_WS_MAC exist failed with the following output:
Change Dir: /home/swhite/autoCam_ws/build/autoCam_pkg/CMakeFiles/CMakeTmp

Run Build Command:"/usr/bin/make" "cmTC_6f401/fast"
/usr/bin/make -f CMakeFiles/cmTC_6f401.dir/build.make CMakeFiles/cmTC_6f401.dir/build
make[1]: Entering directory '/home/swhite/autoCam_ws/build/autoCam_pkg/CMakeFiles/CMakeTmp'
Building CXX object CMakeFiles/cmTC_6f401.dir/CheckSymbolExists.cxx.o
/usr/bin/c++    -I/usr/include/qt4   -o CMakeFiles/cmTC_6f401.dir/CheckSymbolExists.cxx.o -c /home/swhite/autoCam_ws/build/autoCam_pkg/CMakeFiles/CMakeTmp/CheckSymbolExists.cxx
/home/swhite/autoCam_ws/build/autoCam_pkg/CMakeFiles/CMakeTmp/CheckSymbolExists.cxx: In function 'int main(int, char**)':
/home/swhite/autoCam_ws/build/autoCam_pkg/CMakeFiles/CMakeTmp/CheckSymbolExists.cxx:8:19: error: 'Q_WS_MAC' was not declared in this scope
   return ((int*)(&Q_WS_MAC))[argc];
                   ^
CMakeFiles/cmTC_6f401.dir/build.make:65: recipe for target 'CMakeFiles/cmTC_6f401.dir/CheckSymbolExists.cxx.o' failed
make[1]: *** [CMakeFiles/cmTC_6f401.dir/CheckSymbolExists.cxx.o] Error 1
make[1]: Leaving directory '/home/swhite/autoCam_ws/build/autoCam_pkg/CMakeFiles/CMakeTmp'
Makefile:126: recipe for target 'cmTC_6f401/fast' failed
make: *** [cmTC_6f401/fast] Error 2

File /home/swhite/autoCam_ws/build/autoCam_pkg/CMakeFiles/CMakeTmp/CheckSymbolExists.cxx:
/* */
#include <QtCore/qglobal.h>

int main(int argc, char** argv)
{
  (void)argv;
#ifndef Q_WS_MAC
  return ((int*)(&Q_WS_MAC))[argc];
#else
  (void)argc;
  return 0;
#endif
}

